11 Mar 2025 16:43:24,151 INFO  com.Predvca.lab03.FruitDBRepository 17 <init> - Initializing FruitDBRepository with properties: {}
11 Mar 2025 16:43:24,165 INFO  com.Predvca.lab03.FruitDBRepository 65 add - Adding new fruit: Id=0, Name=apple, Variety=Golden, Distributor=FreshFruits, Quantity=500, Unit=kg
11 Mar 2025 16:43:24,167 TRACE com.Predvca.lab03.JdbcUtils 47 getConnection - Enter
11 Mar 2025 16:43:24,167 TRACE com.Predvca.lab03.JdbcUtils 24 getNewConnection - Enter
11 Mar 2025 16:43:24,168 INFO  com.Predvca.lab03.JdbcUtils 29 getNewConnection - trying to connect to database ... null
11 Mar 2025 16:43:24,168 INFO  com.Predvca.lab03.JdbcUtils 30 getNewConnection - user: null
11 Mar 2025 16:43:24,169 INFO  com.Predvca.lab03.JdbcUtils 31 getNewConnection - pass: null
11 Mar 2025 16:43:24,179 ERROR com.Predvca.lab03.JdbcUtils 40 getNewConnection - java.sql.SQLException: The url cannot be null
11 Mar 2025 16:43:24,180 TRACE com.Predvca.lab03.JdbcUtils 56 getConnection - Exit
11 Mar 2025 16:44:31,517 INFO  com.Predvca.lab03.FruitDBRepository 17 <init> - Initializing FruitDBRepository with properties: {}
11 Mar 2025 16:44:31,530 INFO  com.Predvca.lab03.FruitDBRepository 65 add - Adding new fruit: Id=0, Name=apple, Variety=Golden, Distributor=FreshFruits, Quantity=500, Unit=kg
11 Mar 2025 16:44:31,533 TRACE com.Predvca.lab03.JdbcUtils 47 getConnection - Enter
11 Mar 2025 16:44:31,533 TRACE com.Predvca.lab03.JdbcUtils 24 getNewConnection - Enter
11 Mar 2025 16:44:31,533 INFO  com.Predvca.lab03.JdbcUtils 29 getNewConnection - trying to connect to database ... null
11 Mar 2025 16:44:31,534 INFO  com.Predvca.lab03.JdbcUtils 30 getNewConnection - user: null
11 Mar 2025 16:44:31,534 INFO  com.Predvca.lab03.JdbcUtils 31 getNewConnection - pass: null
11 Mar 2025 16:44:31,536 ERROR com.Predvca.lab03.JdbcUtils 40 getNewConnection - java.sql.SQLException: The url cannot be null
11 Mar 2025 16:44:31,537 TRACE com.Predvca.lab03.JdbcUtils 56 getConnection - Exit
11 Mar 2025 16:46:41,138 INFO  com.Predvca.lab03.FruitDBRepository 17 <init> - Initializing FruitDBRepository with properties: {jdbc.url=jdbc:sqlite:C:\Users\matei\Code\SQL\My Databases\fruit.db}
11 Mar 2025 16:46:41,151 INFO  com.Predvca.lab03.FruitDBRepository 65 add - Adding new fruit: Id=0, Name=apple, Variety=Golden, Distributor=FreshFruits, Quantity=500, Unit=kg
11 Mar 2025 16:46:41,153 TRACE com.Predvca.lab03.JdbcUtils 47 getConnection - Enter
11 Mar 2025 16:46:41,154 TRACE com.Predvca.lab03.JdbcUtils 24 getNewConnection - Enter
11 Mar 2025 16:46:41,154 INFO  com.Predvca.lab03.JdbcUtils 29 getNewConnection - trying to connect to database ... jdbc:sqlite:C:\Users\matei\Code\SQL\My Databases\fruit.db
11 Mar 2025 16:46:41,155 INFO  com.Predvca.lab03.JdbcUtils 30 getNewConnection - user: null
11 Mar 2025 16:46:41,155 INFO  com.Predvca.lab03.JdbcUtils 31 getNewConnection - pass: null
11 Mar 2025 16:46:41,427 TRACE org.sqlite.core.NativeDB 129 prepare - DriverManager [main] [SQLite EXEC] pragma busy_timeout=3000
11 Mar 2025 16:46:41,430 TRACE com.Predvca.lab03.JdbcUtils 56 getConnection - Exit with(org.sqlite.jdbc4.JDBC4Connection@59e2d8e3)
11 Mar 2025 16:46:41,433 TRACE org.sqlite.core.NativeDB 129 prepare - DriverManager [main] [SQLite EXEC] INSERT INTO fruit (name, variety, distributor, quantity, unit) VALUES (?, ?, ?, ?, ?)
11 Mar 2025 16:46:41,440 TRACE org.sqlite.core.NativeDB 129 prepare - DriverManager [main] [SQLite EXEC] begin;
11 Mar 2025 16:46:41,440 TRACE org.sqlite.core.NativeDB 129 prepare - DriverManager [main] [SQLite EXEC] commit;
11 Mar 2025 16:46:41,443 TRACE org.sqlite.core.NativeDB 129 prepare - DriverManager [main] [SQLite EXEC] SELECT last_insert_rowid();
11 Mar 2025 16:46:41,445 INFO  com.Predvca.lab03.FruitDBRepository 97 update - Updating fruit with ID: 1
11 Mar 2025 16:46:41,445 TRACE com.Predvca.lab03.JdbcUtils 47 getConnection - Enter
11 Mar 2025 16:46:41,445 TRACE com.Predvca.lab03.JdbcUtils 24 getNewConnection - Enter
11 Mar 2025 16:46:41,445 INFO  com.Predvca.lab03.JdbcUtils 29 getNewConnection - trying to connect to database ... jdbc:sqlite:C:\Users\matei\Code\SQL\My Databases\fruit.db
11 Mar 2025 16:46:41,445 INFO  com.Predvca.lab03.JdbcUtils 30 getNewConnection - user: null
11 Mar 2025 16:46:41,446 INFO  com.Predvca.lab03.JdbcUtils 31 getNewConnection - pass: null
11 Mar 2025 16:46:41,447 TRACE org.sqlite.core.NativeDB 129 prepare - DriverManager [main] [SQLite EXEC] pragma busy_timeout=3000
11 Mar 2025 16:46:41,448 TRACE com.Predvca.lab03.JdbcUtils 56 getConnection - Exit with(org.sqlite.jdbc4.JDBC4Connection@26df6e3a)
11 Mar 2025 16:46:41,448 TRACE org.sqlite.core.NativeDB 129 prepare - DriverManager [main] [SQLite EXEC] UPDATE fruit SET name = ?, variety = ?, distributor = ?, quantity = ?, unit = ? WHERE id = ?
11 Mar 2025 16:46:41,453 TRACE org.sqlite.core.NativeDB 129 prepare - DriverManager [main] [SQLite EXEC] begin;
11 Mar 2025 16:46:41,453 TRACE org.sqlite.core.NativeDB 129 prepare - DriverManager [main] [SQLite EXEC] commit;
11 Mar 2025 16:46:41,455 INFO  com.Predvca.lab03.FruitDBRepository 23 findByDistributor - Finding fruits by distributor: Chiquita
11 Mar 2025 16:46:41,455 TRACE com.Predvca.lab03.JdbcUtils 47 getConnection - Enter
11 Mar 2025 16:46:41,455 TRACE com.Predvca.lab03.JdbcUtils 24 getNewConnection - Enter
11 Mar 2025 16:46:41,456 INFO  com.Predvca.lab03.JdbcUtils 29 getNewConnection - trying to connect to database ... jdbc:sqlite:C:\Users\matei\Code\SQL\My Databases\fruit.db
11 Mar 2025 16:46:41,456 INFO  com.Predvca.lab03.JdbcUtils 30 getNewConnection - user: null
11 Mar 2025 16:46:41,456 INFO  com.Predvca.lab03.JdbcUtils 31 getNewConnection - pass: null
11 Mar 2025 16:46:41,458 TRACE org.sqlite.core.NativeDB 129 prepare - DriverManager [main] [SQLite EXEC] pragma busy_timeout=3000
11 Mar 2025 16:46:41,458 TRACE com.Predvca.lab03.JdbcUtils 56 getConnection - Exit with(org.sqlite.jdbc4.JDBC4Connection@79c97cb)
11 Mar 2025 16:46:41,458 TRACE org.sqlite.core.NativeDB 129 prepare - DriverManager [main] [SQLite EXEC] SELECT * FROM fruit WHERE distributor = ?
11 Mar 2025 16:46:41,461 INFO  com.Predvca.lab03.FruitDBRepository 121 findAll - Retrieving all fruits...
11 Mar 2025 16:46:41,461 TRACE com.Predvca.lab03.JdbcUtils 47 getConnection - Enter
11 Mar 2025 16:46:41,461 TRACE com.Predvca.lab03.JdbcUtils 24 getNewConnection - Enter
11 Mar 2025 16:46:41,462 INFO  com.Predvca.lab03.JdbcUtils 29 getNewConnection - trying to connect to database ... jdbc:sqlite:C:\Users\matei\Code\SQL\My Databases\fruit.db
11 Mar 2025 16:46:41,462 INFO  com.Predvca.lab03.JdbcUtils 30 getNewConnection - user: null
11 Mar 2025 16:46:41,462 INFO  com.Predvca.lab03.JdbcUtils 31 getNewConnection - pass: null
11 Mar 2025 16:46:41,463 TRACE org.sqlite.core.NativeDB 129 prepare - DriverManager [main] [SQLite EXEC] pragma busy_timeout=3000
11 Mar 2025 16:46:41,463 TRACE com.Predvca.lab03.JdbcUtils 56 getConnection - Exit with(org.sqlite.jdbc4.JDBC4Connection@1e4d3ce5)
11 Mar 2025 16:46:41,463 TRACE org.sqlite.core.NativeDB 129 prepare - DriverManager [main] [SQLite EXEC] SELECT * FROM fruit
